[2021-10-18 17:52:14,440] {processor.py:163} INFO - Started process (PID=604) to work on /opt/airflow/dags/Olympics.dag.py
[2021-10-18 17:52:14,442] {processor.py:620} INFO - Processing file /opt/airflow/dags/Olympics.dag.py for tasks to queue
[2021-10-18 17:52:14,443] {logging_mixin.py:109} INFO - [2021-10-18 17:52:14,443] {dagbag.py:500} INFO - Filling up the DagBag from /opt/airflow/dags/Olympics.dag.py
[2021-10-18 17:52:14,448] {logging_mixin.py:109} INFO - [2021-10-18 17:52:14,447] {dagbag.py:334} ERROR - Failed to import: /opt/airflow/dags/Olympics.dag.py
Traceback (most recent call last):
  File "/home/airflow/.local/lib/python3.6/site-packages/airflow/models/dagbag.py", line 331, in _load_modules_from_file
    loader.exec_module(new_module)
  File "<frozen importlib._bootstrap_external>", line 674, in exec_module
  File "<frozen importlib._bootstrap_external>", line 781, in get_code
  File "<frozen importlib._bootstrap_external>", line 741, in source_to_code
  File "<frozen importlib._bootstrap>", line 219, in _call_with_frames_removed
  File "/opt/airflow/dags/Olympics.dag.py", line 23
    default_args=default_args,
               ^
SyntaxError: invalid syntax
[2021-10-18 17:52:14,463] {processor.py:634} WARNING - No viable dags retrieved from /opt/airflow/dags/Olympics.dag.py
[2021-10-18 17:52:14,469] {processor.py:171} INFO - Processing /opt/airflow/dags/Olympics.dag.py took 0.032 seconds
[2021-10-18 17:52:39,549] {processor.py:163} INFO - Started process (PID=627) to work on /opt/airflow/dags/Olympics.dag.py
[2021-10-18 17:52:39,550] {processor.py:620} INFO - Processing file /opt/airflow/dags/Olympics.dag.py for tasks to queue
[2021-10-18 17:52:39,551] {logging_mixin.py:109} INFO - [2021-10-18 17:52:39,551] {dagbag.py:500} INFO - Filling up the DagBag from /opt/airflow/dags/Olympics.dag.py
[2021-10-18 17:52:39,557] {logging_mixin.py:109} INFO - [2021-10-18 17:52:39,556] {dagbag.py:334} ERROR - Failed to import: /opt/airflow/dags/Olympics.dag.py
Traceback (most recent call last):
  File "/home/airflow/.local/lib/python3.6/site-packages/airflow/models/dagbag.py", line 331, in _load_modules_from_file
    loader.exec_module(new_module)
  File "<frozen importlib._bootstrap_external>", line 674, in exec_module
  File "<frozen importlib._bootstrap_external>", line 781, in get_code
  File "<frozen importlib._bootstrap_external>", line 741, in source_to_code
  File "<frozen importlib._bootstrap>", line 219, in _call_with_frames_removed
  File "/opt/airflow/dags/Olympics.dag.py", line 23
    default_args=default_args,
               ^
SyntaxError: invalid syntax
[2021-10-18 17:52:39,571] {processor.py:634} WARNING - No viable dags retrieved from /opt/airflow/dags/Olympics.dag.py
[2021-10-18 17:52:39,577] {processor.py:171} INFO - Processing /opt/airflow/dags/Olympics.dag.py took 0.032 seconds
[2021-10-18 17:53:04,661] {processor.py:163} INFO - Started process (PID=650) to work on /opt/airflow/dags/Olympics.dag.py
[2021-10-18 17:53:04,663] {processor.py:620} INFO - Processing file /opt/airflow/dags/Olympics.dag.py for tasks to queue
[2021-10-18 17:53:04,664] {logging_mixin.py:109} INFO - [2021-10-18 17:53:04,664] {dagbag.py:500} INFO - Filling up the DagBag from /opt/airflow/dags/Olympics.dag.py
[2021-10-18 17:53:04,670] {logging_mixin.py:109} INFO - [2021-10-18 17:53:04,669] {dagbag.py:334} ERROR - Failed to import: /opt/airflow/dags/Olympics.dag.py
Traceback (most recent call last):
  File "/home/airflow/.local/lib/python3.6/site-packages/airflow/models/dagbag.py", line 331, in _load_modules_from_file
    loader.exec_module(new_module)
  File "<frozen importlib._bootstrap_external>", line 674, in exec_module
  File "<frozen importlib._bootstrap_external>", line 781, in get_code
  File "<frozen importlib._bootstrap_external>", line 741, in source_to_code
  File "<frozen importlib._bootstrap>", line 219, in _call_with_frames_removed
  File "/opt/airflow/dags/Olympics.dag.py", line 23
    default_args=default_args,
               ^
SyntaxError: invalid syntax
[2021-10-18 17:53:04,685] {processor.py:634} WARNING - No viable dags retrieved from /opt/airflow/dags/Olympics.dag.py
[2021-10-18 17:53:04,693] {processor.py:171} INFO - Processing /opt/airflow/dags/Olympics.dag.py took 0.034 seconds
[2021-10-18 17:53:34,762] {processor.py:163} INFO - Started process (PID=672) to work on /opt/airflow/dags/Olympics.dag.py
[2021-10-18 17:53:34,764] {processor.py:620} INFO - Processing file /opt/airflow/dags/Olympics.dag.py for tasks to queue
[2021-10-18 17:53:34,765] {logging_mixin.py:109} INFO - [2021-10-18 17:53:34,765] {dagbag.py:500} INFO - Filling up the DagBag from /opt/airflow/dags/Olympics.dag.py
[2021-10-18 17:53:34,770] {logging_mixin.py:109} INFO - [2021-10-18 17:53:34,769] {dagbag.py:334} ERROR - Failed to import: /opt/airflow/dags/Olympics.dag.py
Traceback (most recent call last):
  File "/home/airflow/.local/lib/python3.6/site-packages/airflow/models/dagbag.py", line 331, in _load_modules_from_file
    loader.exec_module(new_module)
  File "<frozen importlib._bootstrap_external>", line 674, in exec_module
  File "<frozen importlib._bootstrap_external>", line 781, in get_code
  File "<frozen importlib._bootstrap_external>", line 741, in source_to_code
  File "<frozen importlib._bootstrap>", line 219, in _call_with_frames_removed
  File "/opt/airflow/dags/Olympics.dag.py", line 23
    default_args=default_args,
               ^
SyntaxError: invalid syntax
[2021-10-18 17:53:34,784] {processor.py:634} WARNING - No viable dags retrieved from /opt/airflow/dags/Olympics.dag.py
[2021-10-18 17:53:34,790] {processor.py:171} INFO - Processing /opt/airflow/dags/Olympics.dag.py took 0.031 seconds
[2021-10-18 17:53:35,780] {processor.py:163} INFO - Started process (PID=683) to work on /opt/airflow/dags/Olympics.dag.py
[2021-10-18 17:53:35,782] {processor.py:620} INFO - Processing file /opt/airflow/dags/Olympics.dag.py for tasks to queue
[2021-10-18 17:53:35,783] {logging_mixin.py:109} INFO - [2021-10-18 17:53:35,782] {dagbag.py:500} INFO - Filling up the DagBag from /opt/airflow/dags/Olympics.dag.py
[2021-10-18 17:53:35,788] {logging_mixin.py:109} INFO - [2021-10-18 17:53:35,788] {dagbag.py:334} ERROR - Failed to import: /opt/airflow/dags/Olympics.dag.py
Traceback (most recent call last):
  File "/home/airflow/.local/lib/python3.6/site-packages/airflow/models/dagbag.py", line 331, in _load_modules_from_file
    loader.exec_module(new_module)
  File "<frozen importlib._bootstrap_external>", line 674, in exec_module
  File "<frozen importlib._bootstrap_external>", line 781, in get_code
  File "<frozen importlib._bootstrap_external>", line 741, in source_to_code
  File "<frozen importlib._bootstrap>", line 219, in _call_with_frames_removed
  File "/opt/airflow/dags/Olympics.dag.py", line 23
    default_args=default_args,
               ^
SyntaxError: invalid syntax
[2021-10-18 17:53:35,802] {processor.py:634} WARNING - No viable dags retrieved from /opt/airflow/dags/Olympics.dag.py
[2021-10-18 17:53:35,808] {processor.py:171} INFO - Processing /opt/airflow/dags/Olympics.dag.py took 0.031 seconds
[2021-10-18 17:54:05,897] {processor.py:163} INFO - Started process (PID=704) to work on /opt/airflow/dags/Olympics.dag.py
[2021-10-18 17:54:05,898] {processor.py:620} INFO - Processing file /opt/airflow/dags/Olympics.dag.py for tasks to queue
[2021-10-18 17:54:05,899] {logging_mixin.py:109} INFO - [2021-10-18 17:54:05,899] {dagbag.py:500} INFO - Filling up the DagBag from /opt/airflow/dags/Olympics.dag.py
[2021-10-18 17:54:05,904] {logging_mixin.py:109} INFO - [2021-10-18 17:54:05,903] {dagbag.py:334} ERROR - Failed to import: /opt/airflow/dags/Olympics.dag.py
Traceback (most recent call last):
  File "/home/airflow/.local/lib/python3.6/site-packages/airflow/models/dagbag.py", line 331, in _load_modules_from_file
    loader.exec_module(new_module)
  File "<frozen importlib._bootstrap_external>", line 674, in exec_module
  File "<frozen importlib._bootstrap_external>", line 781, in get_code
  File "<frozen importlib._bootstrap_external>", line 741, in source_to_code
  File "<frozen importlib._bootstrap>", line 219, in _call_with_frames_removed
  File "/opt/airflow/dags/Olympics.dag.py", line 23
    default_args=default_args,
               ^
SyntaxError: invalid syntax
[2021-10-18 17:54:05,919] {processor.py:634} WARNING - No viable dags retrieved from /opt/airflow/dags/Olympics.dag.py
[2021-10-18 17:54:05,927] {processor.py:171} INFO - Processing /opt/airflow/dags/Olympics.dag.py took 0.033 seconds
[2021-10-18 17:54:35,990] {processor.py:163} INFO - Started process (PID=735) to work on /opt/airflow/dags/Olympics.dag.py
[2021-10-18 17:54:35,991] {processor.py:620} INFO - Processing file /opt/airflow/dags/Olympics.dag.py for tasks to queue
[2021-10-18 17:54:35,992] {logging_mixin.py:109} INFO - [2021-10-18 17:54:35,992] {dagbag.py:500} INFO - Filling up the DagBag from /opt/airflow/dags/Olympics.dag.py
[2021-10-18 17:54:35,996] {logging_mixin.py:109} INFO - [2021-10-18 17:54:35,996] {dagbag.py:334} ERROR - Failed to import: /opt/airflow/dags/Olympics.dag.py
Traceback (most recent call last):
  File "/home/airflow/.local/lib/python3.6/site-packages/airflow/models/dagbag.py", line 331, in _load_modules_from_file
    loader.exec_module(new_module)
  File "<frozen importlib._bootstrap_external>", line 674, in exec_module
  File "<frozen importlib._bootstrap_external>", line 781, in get_code
  File "<frozen importlib._bootstrap_external>", line 741, in source_to_code
  File "<frozen importlib._bootstrap>", line 219, in _call_with_frames_removed
  File "/opt/airflow/dags/Olympics.dag.py", line 23
    default_args=default_args,
               ^
SyntaxError: invalid syntax
[2021-10-18 17:54:36,012] {processor.py:634} WARNING - No viable dags retrieved from /opt/airflow/dags/Olympics.dag.py
[2021-10-18 17:54:36,019] {processor.py:171} INFO - Processing /opt/airflow/dags/Olympics.dag.py took 0.032 seconds
[2021-10-18 17:54:44,999] {processor.py:163} INFO - Started process (PID=736) to work on /opt/airflow/dags/Olympics.dag.py
[2021-10-18 17:54:45,000] {processor.py:620} INFO - Processing file /opt/airflow/dags/Olympics.dag.py for tasks to queue
[2021-10-18 17:54:45,001] {logging_mixin.py:109} INFO - [2021-10-18 17:54:45,001] {dagbag.py:500} INFO - Filling up the DagBag from /opt/airflow/dags/Olympics.dag.py
[2021-10-18 17:54:45,007] {logging_mixin.py:109} INFO - [2021-10-18 17:54:45,006] {dagbag.py:334} ERROR - Failed to import: /opt/airflow/dags/Olympics.dag.py
Traceback (most recent call last):
  File "/home/airflow/.local/lib/python3.6/site-packages/airflow/models/dagbag.py", line 331, in _load_modules_from_file
    loader.exec_module(new_module)
  File "<frozen importlib._bootstrap_external>", line 674, in exec_module
  File "<frozen importlib._bootstrap_external>", line 781, in get_code
  File "<frozen importlib._bootstrap_external>", line 741, in source_to_code
  File "<frozen importlib._bootstrap>", line 219, in _call_with_frames_removed
  File "/opt/airflow/dags/Olympics.dag.py", line 23
    default_args=default_args,
               ^
SyntaxError: invalid syntax
[2021-10-18 17:54:45,023] {processor.py:634} WARNING - No viable dags retrieved from /opt/airflow/dags/Olympics.dag.py
[2021-10-18 17:54:45,028] {processor.py:171} INFO - Processing /opt/airflow/dags/Olympics.dag.py took 0.033 seconds
[2021-10-18 17:55:15,135] {processor.py:163} INFO - Started process (PID=767) to work on /opt/airflow/dags/Olympics.dag.py
[2021-10-18 17:55:15,137] {processor.py:620} INFO - Processing file /opt/airflow/dags/Olympics.dag.py for tasks to queue
[2021-10-18 17:55:15,138] {logging_mixin.py:109} INFO - [2021-10-18 17:55:15,138] {dagbag.py:500} INFO - Filling up the DagBag from /opt/airflow/dags/Olympics.dag.py
[2021-10-18 17:55:15,144] {logging_mixin.py:109} INFO - [2021-10-18 17:55:15,143] {dagbag.py:334} ERROR - Failed to import: /opt/airflow/dags/Olympics.dag.py
Traceback (most recent call last):
  File "/home/airflow/.local/lib/python3.6/site-packages/airflow/models/dagbag.py", line 331, in _load_modules_from_file
    loader.exec_module(new_module)
  File "<frozen importlib._bootstrap_external>", line 674, in exec_module
  File "<frozen importlib._bootstrap_external>", line 781, in get_code
  File "<frozen importlib._bootstrap_external>", line 741, in source_to_code
  File "<frozen importlib._bootstrap>", line 219, in _call_with_frames_removed
  File "/opt/airflow/dags/Olympics.dag.py", line 23
    default_args=default_args,
               ^
SyntaxError: invalid syntax
[2021-10-18 17:55:15,160] {processor.py:634} WARNING - No viable dags retrieved from /opt/airflow/dags/Olympics.dag.py
[2021-10-18 17:55:15,166] {processor.py:171} INFO - Processing /opt/airflow/dags/Olympics.dag.py took 0.034 seconds
[2021-10-18 17:55:28,205] {processor.py:163} INFO - Started process (PID=778) to work on /opt/airflow/dags/Olympics.dag.py
[2021-10-18 17:55:28,207] {processor.py:620} INFO - Processing file /opt/airflow/dags/Olympics.dag.py for tasks to queue
[2021-10-18 17:55:28,208] {logging_mixin.py:109} INFO - [2021-10-18 17:55:28,208] {dagbag.py:500} INFO - Filling up the DagBag from /opt/airflow/dags/Olympics.dag.py
[2021-10-18 17:55:28,333] {processor.py:632} INFO - DAG(s) dict_keys(['Neo4j-Olympics-Demo']) retrieved from /opt/airflow/dags/Olympics.dag.py
[2021-10-18 17:55:29,459] {logging_mixin.py:109} INFO - [2021-10-18 17:55:29,459] {providers_manager.py:156} WARNING - Exception when importing 'airflow.providers.google.leveldb.hooks.leveldb.LevelDBHook' from 'apache-airflow-providers-google' package: No module named 'plyvel'
[2021-10-18 17:55:29,834] {logging_mixin.py:109} INFO - [2021-10-18 17:55:29,833] {providers_manager.py:156} WARNING - Exception when importing 'airflow.providers.google.leveldb.hooks.leveldb.LevelDBHook' from 'apache-airflow-providers-google' package: No module named 'plyvel'
[2021-10-18 17:55:29,850] {logging_mixin.py:109} INFO - [2021-10-18 17:55:29,850] {manager.py:496} INFO - Created Permission View: can read on DAG:Neo4j-Olympics-Demo
[2021-10-18 17:55:29,856] {logging_mixin.py:109} INFO - [2021-10-18 17:55:29,856] {manager.py:496} INFO - Created Permission View: can edit on DAG:Neo4j-Olympics-Demo
[2021-10-18 17:55:29,858] {logging_mixin.py:109} INFO - [2021-10-18 17:55:29,857] {dag.py:2389} INFO - Sync 1 DAGs
[2021-10-18 17:55:29,867] {logging_mixin.py:109} INFO - [2021-10-18 17:55:29,866] {dag.py:2408} INFO - Creating ORM DAG for Neo4j-Olympics-Demo
[2021-10-18 17:55:29,872] {logging_mixin.py:109} INFO - [2021-10-18 17:55:29,872] {dag.py:2914} INFO - Setting next_dagrun for Neo4j-Olympics-Demo to 2021-10-16T00:00:00+00:00
[2021-10-18 17:55:29,881] {processor.py:171} INFO - Processing /opt/airflow/dags/Olympics.dag.py took 1.679 seconds
[2021-10-18 17:55:59,982] {processor.py:163} INFO - Started process (PID=817) to work on /opt/airflow/dags/Olympics.dag.py
[2021-10-18 17:55:59,985] {processor.py:620} INFO - Processing file /opt/airflow/dags/Olympics.dag.py for tasks to queue
[2021-10-18 17:55:59,986] {logging_mixin.py:109} INFO - [2021-10-18 17:55:59,986] {dagbag.py:500} INFO - Filling up the DagBag from /opt/airflow/dags/Olympics.dag.py
[2021-10-18 17:56:00,110] {processor.py:632} INFO - DAG(s) dict_keys(['Neo4j-Olympics-Demo']) retrieved from /opt/airflow/dags/Olympics.dag.py
[2021-10-18 17:56:00,120] {logging_mixin.py:109} INFO - [2021-10-18 17:56:00,120] {dag.py:2389} INFO - Sync 1 DAGs
[2021-10-18 17:56:00,133] {logging_mixin.py:109} INFO - [2021-10-18 17:56:00,133] {dag.py:2914} INFO - Setting next_dagrun for Neo4j-Olympics-Demo to 2021-10-16T00:00:00+00:00
[2021-10-18 17:56:00,143] {processor.py:171} INFO - Processing /opt/airflow/dags/Olympics.dag.py took 0.164 seconds
[2021-10-18 17:56:30,216] {processor.py:163} INFO - Started process (PID=839) to work on /opt/airflow/dags/Olympics.dag.py
[2021-10-18 17:56:30,218] {processor.py:620} INFO - Processing file /opt/airflow/dags/Olympics.dag.py for tasks to queue
[2021-10-18 17:56:30,219] {logging_mixin.py:109} INFO - [2021-10-18 17:56:30,219] {dagbag.py:500} INFO - Filling up the DagBag from /opt/airflow/dags/Olympics.dag.py
[2021-10-18 17:56:30,339] {processor.py:632} INFO - DAG(s) dict_keys(['Neo4j-Olympics-Demo']) retrieved from /opt/airflow/dags/Olympics.dag.py
[2021-10-18 17:56:30,348] {logging_mixin.py:109} INFO - [2021-10-18 17:56:30,348] {dag.py:2389} INFO - Sync 1 DAGs
[2021-10-18 17:56:30,360] {logging_mixin.py:109} INFO - [2021-10-18 17:56:30,360] {dag.py:2914} INFO - Setting next_dagrun for Neo4j-Olympics-Demo to 2021-10-16T00:00:00+00:00
[2021-10-18 17:56:30,367] {processor.py:171} INFO - Processing /opt/airflow/dags/Olympics.dag.py took 0.155 seconds
[2021-10-18 17:57:00,429] {processor.py:163} INFO - Started process (PID=870) to work on /opt/airflow/dags/Olympics.dag.py
[2021-10-18 17:57:00,431] {processor.py:620} INFO - Processing file /opt/airflow/dags/Olympics.dag.py for tasks to queue
[2021-10-18 17:57:00,432] {logging_mixin.py:109} INFO - [2021-10-18 17:57:00,432] {dagbag.py:500} INFO - Filling up the DagBag from /opt/airflow/dags/Olympics.dag.py
[2021-10-18 17:57:00,546] {processor.py:632} INFO - DAG(s) dict_keys(['Neo4j-Olympics-Demo']) retrieved from /opt/airflow/dags/Olympics.dag.py
[2021-10-18 17:57:00,555] {logging_mixin.py:109} INFO - [2021-10-18 17:57:00,555] {dag.py:2389} INFO - Sync 1 DAGs
[2021-10-18 17:57:00,566] {logging_mixin.py:109} INFO - [2021-10-18 17:57:00,566] {dag.py:2914} INFO - Setting next_dagrun for Neo4j-Olympics-Demo to 2021-10-16T00:00:00+00:00
[2021-10-18 17:57:00,573] {processor.py:171} INFO - Processing /opt/airflow/dags/Olympics.dag.py took 0.148 seconds
[2021-10-18 17:57:30,643] {processor.py:163} INFO - Started process (PID=891) to work on /opt/airflow/dags/Olympics.dag.py
[2021-10-18 17:57:30,644] {processor.py:620} INFO - Processing file /opt/airflow/dags/Olympics.dag.py for tasks to queue
[2021-10-18 17:57:30,645] {logging_mixin.py:109} INFO - [2021-10-18 17:57:30,645] {dagbag.py:500} INFO - Filling up the DagBag from /opt/airflow/dags/Olympics.dag.py
[2021-10-18 17:57:30,779] {processor.py:632} INFO - DAG(s) dict_keys(['Neo4j-Olympics-Demo']) retrieved from /opt/airflow/dags/Olympics.dag.py
[2021-10-18 17:57:30,791] {logging_mixin.py:109} INFO - [2021-10-18 17:57:30,791] {dag.py:2389} INFO - Sync 1 DAGs
[2021-10-18 17:57:30,802] {logging_mixin.py:109} INFO - [2021-10-18 17:57:30,802] {dag.py:2914} INFO - Setting next_dagrun for Neo4j-Olympics-Demo to 2021-10-16T00:00:00+00:00
[2021-10-18 17:57:30,809] {processor.py:171} INFO - Processing /opt/airflow/dags/Olympics.dag.py took 0.170 seconds
[2021-10-18 17:58:00,889] {processor.py:163} INFO - Started process (PID=923) to work on /opt/airflow/dags/Olympics.dag.py
[2021-10-18 17:58:00,892] {processor.py:620} INFO - Processing file /opt/airflow/dags/Olympics.dag.py for tasks to queue
[2021-10-18 17:58:00,894] {logging_mixin.py:109} INFO - [2021-10-18 17:58:00,893] {dagbag.py:500} INFO - Filling up the DagBag from /opt/airflow/dags/Olympics.dag.py
[2021-10-18 17:58:01,030] {processor.py:632} INFO - DAG(s) dict_keys(['Neo4j-Olympics-Demo']) retrieved from /opt/airflow/dags/Olympics.dag.py
[2021-10-18 17:58:01,039] {logging_mixin.py:109} INFO - [2021-10-18 17:58:01,039] {dag.py:2389} INFO - Sync 1 DAGs
[2021-10-18 17:58:01,049] {logging_mixin.py:109} INFO - [2021-10-18 17:58:01,049] {dag.py:2914} INFO - Setting next_dagrun for Neo4j-Olympics-Demo to 2021-10-16T00:00:00+00:00
[2021-10-18 17:58:01,056] {processor.py:171} INFO - Processing /opt/airflow/dags/Olympics.dag.py took 0.172 seconds
[2021-10-18 17:58:31,128] {processor.py:163} INFO - Started process (PID=944) to work on /opt/airflow/dags/Olympics.dag.py
[2021-10-18 17:58:31,130] {processor.py:620} INFO - Processing file /opt/airflow/dags/Olympics.dag.py for tasks to queue
[2021-10-18 17:58:31,131] {logging_mixin.py:109} INFO - [2021-10-18 17:58:31,131] {dagbag.py:500} INFO - Filling up the DagBag from /opt/airflow/dags/Olympics.dag.py
[2021-10-18 17:58:31,251] {processor.py:632} INFO - DAG(s) dict_keys(['Neo4j-Olympics-Demo']) retrieved from /opt/airflow/dags/Olympics.dag.py
[2021-10-18 17:58:31,260] {logging_mixin.py:109} INFO - [2021-10-18 17:58:31,260] {dag.py:2389} INFO - Sync 1 DAGs
[2021-10-18 17:58:31,270] {logging_mixin.py:109} INFO - [2021-10-18 17:58:31,270] {dag.py:2914} INFO - Setting next_dagrun for Neo4j-Olympics-Demo to 2021-10-16T00:00:00+00:00
[2021-10-18 17:58:31,278] {processor.py:171} INFO - Processing /opt/airflow/dags/Olympics.dag.py took 0.154 seconds
[2021-10-18 17:59:01,343] {processor.py:163} INFO - Started process (PID=976) to work on /opt/airflow/dags/Olympics.dag.py
[2021-10-18 17:59:01,344] {processor.py:620} INFO - Processing file /opt/airflow/dags/Olympics.dag.py for tasks to queue
[2021-10-18 17:59:01,345] {logging_mixin.py:109} INFO - [2021-10-18 17:59:01,345] {dagbag.py:500} INFO - Filling up the DagBag from /opt/airflow/dags/Olympics.dag.py
[2021-10-18 17:59:01,479] {processor.py:632} INFO - DAG(s) dict_keys(['Neo4j-Olympics-Demo']) retrieved from /opt/airflow/dags/Olympics.dag.py
[2021-10-18 17:59:01,487] {logging_mixin.py:109} INFO - [2021-10-18 17:59:01,487] {dag.py:2389} INFO - Sync 1 DAGs
[2021-10-18 17:59:01,498] {logging_mixin.py:109} INFO - [2021-10-18 17:59:01,497] {dag.py:2914} INFO - Setting next_dagrun for Neo4j-Olympics-Demo to 2021-10-16T00:00:00+00:00
[2021-10-18 17:59:01,504] {processor.py:171} INFO - Processing /opt/airflow/dags/Olympics.dag.py took 0.165 seconds
[2021-10-18 17:59:31,561] {processor.py:163} INFO - Started process (PID=997) to work on /opt/airflow/dags/Olympics.dag.py
[2021-10-18 17:59:31,562] {processor.py:620} INFO - Processing file /opt/airflow/dags/Olympics.dag.py for tasks to queue
[2021-10-18 17:59:31,563] {logging_mixin.py:109} INFO - [2021-10-18 17:59:31,563] {dagbag.py:500} INFO - Filling up the DagBag from /opt/airflow/dags/Olympics.dag.py
[2021-10-18 17:59:31,684] {processor.py:632} INFO - DAG(s) dict_keys(['Neo4j-Olympics-Demo']) retrieved from /opt/airflow/dags/Olympics.dag.py
[2021-10-18 17:59:31,693] {logging_mixin.py:109} INFO - [2021-10-18 17:59:31,693] {dag.py:2389} INFO - Sync 1 DAGs
[2021-10-18 17:59:31,704] {logging_mixin.py:109} INFO - [2021-10-18 17:59:31,704] {dag.py:2914} INFO - Setting next_dagrun for Neo4j-Olympics-Demo to 2021-10-16T00:00:00+00:00
[2021-10-18 17:59:31,712] {processor.py:171} INFO - Processing /opt/airflow/dags/Olympics.dag.py took 0.155 seconds
[2021-10-18 18:00:01,784] {processor.py:163} INFO - Started process (PID=1028) to work on /opt/airflow/dags/Olympics.dag.py
[2021-10-18 18:00:01,786] {processor.py:620} INFO - Processing file /opt/airflow/dags/Olympics.dag.py for tasks to queue
[2021-10-18 18:00:01,787] {logging_mixin.py:109} INFO - [2021-10-18 18:00:01,786] {dagbag.py:500} INFO - Filling up the DagBag from /opt/airflow/dags/Olympics.dag.py
[2021-10-18 18:00:01,893] {processor.py:632} INFO - DAG(s) dict_keys(['Neo4j-Olympics-Demo']) retrieved from /opt/airflow/dags/Olympics.dag.py
[2021-10-18 18:00:01,902] {logging_mixin.py:109} INFO - [2021-10-18 18:00:01,902] {dag.py:2389} INFO - Sync 1 DAGs
[2021-10-18 18:00:01,911] {logging_mixin.py:109} INFO - [2021-10-18 18:00:01,911] {dag.py:2914} INFO - Setting next_dagrun for Neo4j-Olympics-Demo to 2021-10-16T00:00:00+00:00
[2021-10-18 18:00:01,917] {processor.py:171} INFO - Processing /opt/airflow/dags/Olympics.dag.py took 0.137 seconds
[2021-10-18 18:00:31,980] {processor.py:163} INFO - Started process (PID=1049) to work on /opt/airflow/dags/Olympics.dag.py
[2021-10-18 18:00:31,983] {processor.py:620} INFO - Processing file /opt/airflow/dags/Olympics.dag.py for tasks to queue
[2021-10-18 18:00:31,984] {logging_mixin.py:109} INFO - [2021-10-18 18:00:31,984] {dagbag.py:500} INFO - Filling up the DagBag from /opt/airflow/dags/Olympics.dag.py
[2021-10-18 18:00:32,112] {processor.py:632} INFO - DAG(s) dict_keys(['Neo4j-Olympics-Demo']) retrieved from /opt/airflow/dags/Olympics.dag.py
[2021-10-18 18:00:32,123] {logging_mixin.py:109} INFO - [2021-10-18 18:00:32,123] {dag.py:2389} INFO - Sync 1 DAGs
[2021-10-18 18:00:32,137] {logging_mixin.py:109} INFO - [2021-10-18 18:00:32,137] {dag.py:2914} INFO - Setting next_dagrun for Neo4j-Olympics-Demo to 2021-10-16T00:00:00+00:00
[2021-10-18 18:00:32,150] {processor.py:171} INFO - Processing /opt/airflow/dags/Olympics.dag.py took 0.176 seconds
[2021-10-18 18:01:02,217] {processor.py:163} INFO - Started process (PID=1081) to work on /opt/airflow/dags/Olympics.dag.py
[2021-10-18 18:01:02,219] {processor.py:620} INFO - Processing file /opt/airflow/dags/Olympics.dag.py for tasks to queue
[2021-10-18 18:01:02,220] {logging_mixin.py:109} INFO - [2021-10-18 18:01:02,220] {dagbag.py:500} INFO - Filling up the DagBag from /opt/airflow/dags/Olympics.dag.py
[2021-10-18 18:01:02,336] {processor.py:632} INFO - DAG(s) dict_keys(['Neo4j-Olympics-Demo']) retrieved from /opt/airflow/dags/Olympics.dag.py
[2021-10-18 18:01:02,345] {logging_mixin.py:109} INFO - [2021-10-18 18:01:02,345] {dag.py:2389} INFO - Sync 1 DAGs
[2021-10-18 18:01:02,355] {logging_mixin.py:109} INFO - [2021-10-18 18:01:02,355] {dag.py:2914} INFO - Setting next_dagrun for Neo4j-Olympics-Demo to 2021-10-16T00:00:00+00:00
[2021-10-18 18:01:02,363] {processor.py:171} INFO - Processing /opt/airflow/dags/Olympics.dag.py took 0.150 seconds
[2021-10-18 18:01:32,432] {processor.py:163} INFO - Started process (PID=1102) to work on /opt/airflow/dags/Olympics.dag.py
[2021-10-18 18:01:32,435] {processor.py:620} INFO - Processing file /opt/airflow/dags/Olympics.dag.py for tasks to queue
[2021-10-18 18:01:32,436] {logging_mixin.py:109} INFO - [2021-10-18 18:01:32,436] {dagbag.py:500} INFO - Filling up the DagBag from /opt/airflow/dags/Olympics.dag.py
[2021-10-18 18:01:32,568] {processor.py:632} INFO - DAG(s) dict_keys(['Neo4j-Olympics-Demo']) retrieved from /opt/airflow/dags/Olympics.dag.py
[2021-10-18 18:01:32,578] {logging_mixin.py:109} INFO - [2021-10-18 18:01:32,578] {dag.py:2389} INFO - Sync 1 DAGs
[2021-10-18 18:01:32,589] {logging_mixin.py:109} INFO - [2021-10-18 18:01:32,589] {dag.py:2914} INFO - Setting next_dagrun for Neo4j-Olympics-Demo to 2021-10-16T00:00:00+00:00
[2021-10-18 18:01:32,597] {processor.py:171} INFO - Processing /opt/airflow/dags/Olympics.dag.py took 0.170 seconds
[2021-10-18 18:02:02,653] {processor.py:163} INFO - Started process (PID=1134) to work on /opt/airflow/dags/Olympics.dag.py
[2021-10-18 18:02:02,656] {processor.py:620} INFO - Processing file /opt/airflow/dags/Olympics.dag.py for tasks to queue
[2021-10-18 18:02:02,657] {logging_mixin.py:109} INFO - [2021-10-18 18:02:02,657] {dagbag.py:500} INFO - Filling up the DagBag from /opt/airflow/dags/Olympics.dag.py
[2021-10-18 18:02:02,769] {processor.py:632} INFO - DAG(s) dict_keys(['Neo4j-Olympics-Demo']) retrieved from /opt/airflow/dags/Olympics.dag.py
[2021-10-18 18:02:02,778] {logging_mixin.py:109} INFO - [2021-10-18 18:02:02,778] {dag.py:2389} INFO - Sync 1 DAGs
[2021-10-18 18:02:02,790] {logging_mixin.py:109} INFO - [2021-10-18 18:02:02,790] {dag.py:2914} INFO - Setting next_dagrun for Neo4j-Olympics-Demo to 2021-10-16T00:00:00+00:00
[2021-10-18 18:02:02,797] {processor.py:171} INFO - Processing /opt/airflow/dags/Olympics.dag.py took 0.147 seconds
[2021-10-18 18:02:32,872] {processor.py:163} INFO - Started process (PID=1155) to work on /opt/airflow/dags/Olympics.dag.py
[2021-10-18 18:02:32,873] {processor.py:620} INFO - Processing file /opt/airflow/dags/Olympics.dag.py for tasks to queue
[2021-10-18 18:02:32,874] {logging_mixin.py:109} INFO - [2021-10-18 18:02:32,874] {dagbag.py:500} INFO - Filling up the DagBag from /opt/airflow/dags/Olympics.dag.py
[2021-10-18 18:02:32,985] {processor.py:632} INFO - DAG(s) dict_keys(['Neo4j-Olympics-Demo']) retrieved from /opt/airflow/dags/Olympics.dag.py
[2021-10-18 18:02:32,994] {logging_mixin.py:109} INFO - [2021-10-18 18:02:32,994] {dag.py:2389} INFO - Sync 1 DAGs
[2021-10-18 18:02:33,004] {logging_mixin.py:109} INFO - [2021-10-18 18:02:33,004] {dag.py:2914} INFO - Setting next_dagrun for Neo4j-Olympics-Demo to 2021-10-16T00:00:00+00:00
[2021-10-18 18:02:33,012] {processor.py:171} INFO - Processing /opt/airflow/dags/Olympics.dag.py took 0.143 seconds
[2021-10-18 18:03:03,088] {processor.py:163} INFO - Started process (PID=1186) to work on /opt/airflow/dags/Olympics.dag.py
[2021-10-18 18:03:03,090] {processor.py:620} INFO - Processing file /opt/airflow/dags/Olympics.dag.py for tasks to queue
[2021-10-18 18:03:03,091] {logging_mixin.py:109} INFO - [2021-10-18 18:03:03,091] {dagbag.py:500} INFO - Filling up the DagBag from /opt/airflow/dags/Olympics.dag.py
[2021-10-18 18:03:03,213] {processor.py:632} INFO - DAG(s) dict_keys(['Neo4j-Olympics-Demo']) retrieved from /opt/airflow/dags/Olympics.dag.py
[2021-10-18 18:03:03,224] {logging_mixin.py:109} INFO - [2021-10-18 18:03:03,224] {dag.py:2389} INFO - Sync 1 DAGs
[2021-10-18 18:03:03,234] {logging_mixin.py:109} INFO - [2021-10-18 18:03:03,234] {dag.py:2914} INFO - Setting next_dagrun for Neo4j-Olympics-Demo to 2021-10-16T00:00:00+00:00
[2021-10-18 18:03:03,241] {processor.py:171} INFO - Processing /opt/airflow/dags/Olympics.dag.py took 0.157 seconds
[2021-10-18 18:03:33,323] {processor.py:163} INFO - Started process (PID=1208) to work on /opt/airflow/dags/Olympics.dag.py
[2021-10-18 18:03:33,325] {processor.py:620} INFO - Processing file /opt/airflow/dags/Olympics.dag.py for tasks to queue
[2021-10-18 18:03:33,326] {logging_mixin.py:109} INFO - [2021-10-18 18:03:33,326] {dagbag.py:500} INFO - Filling up the DagBag from /opt/airflow/dags/Olympics.dag.py
[2021-10-18 18:03:33,433] {processor.py:632} INFO - DAG(s) dict_keys(['Neo4j-Olympics-Demo']) retrieved from /opt/airflow/dags/Olympics.dag.py
[2021-10-18 18:03:33,442] {logging_mixin.py:109} INFO - [2021-10-18 18:03:33,442] {dag.py:2389} INFO - Sync 1 DAGs
[2021-10-18 18:03:33,454] {logging_mixin.py:109} INFO - [2021-10-18 18:03:33,454] {dag.py:2914} INFO - Setting next_dagrun for Neo4j-Olympics-Demo to 2021-10-16T00:00:00+00:00
[2021-10-18 18:03:33,462] {processor.py:171} INFO - Processing /opt/airflow/dags/Olympics.dag.py took 0.142 seconds
[2021-10-18 18:04:03,524] {processor.py:163} INFO - Started process (PID=1239) to work on /opt/airflow/dags/Olympics.dag.py
[2021-10-18 18:04:03,526] {processor.py:620} INFO - Processing file /opt/airflow/dags/Olympics.dag.py for tasks to queue
[2021-10-18 18:04:03,527] {logging_mixin.py:109} INFO - [2021-10-18 18:04:03,527] {dagbag.py:500} INFO - Filling up the DagBag from /opt/airflow/dags/Olympics.dag.py
[2021-10-18 18:04:03,646] {processor.py:632} INFO - DAG(s) dict_keys(['Neo4j-Olympics-Demo']) retrieved from /opt/airflow/dags/Olympics.dag.py
[2021-10-18 18:04:03,660] {logging_mixin.py:109} INFO - [2021-10-18 18:04:03,660] {dag.py:2389} INFO - Sync 1 DAGs
[2021-10-18 18:04:03,670] {logging_mixin.py:109} INFO - [2021-10-18 18:04:03,670] {dag.py:2914} INFO - Setting next_dagrun for Neo4j-Olympics-Demo to 2021-10-16T00:00:00+00:00
[2021-10-18 18:04:03,677] {processor.py:171} INFO - Processing /opt/airflow/dags/Olympics.dag.py took 0.156 seconds
